[INFO] [2018-12-07 22:37:16][org.springframework.context.support.ClassPathXmlApplicationContext]Refreshing org.springframework.context.support.ClassPathXmlApplicationContext@6cb8: startup date [Fri Dec 07 22:37:16 CST 2018]; root of context hierarchy
[INFO] [2018-12-07 22:37:16][org.springframework.beans.factory.xml.XmlBeanDefinitionReader]Loading XML bean definitions from class path resource [spring/applicationContext.xml]
[INFO] [2018-12-07 22:38:40][org.springframework.context.support.ClassPathXmlApplicationContext]Refreshing org.springframework.context.support.ClassPathXmlApplicationContext@3c589375: startup date [Fri Dec 07 22:38:40 CST 2018]; root of context hierarchy
[INFO] [2018-12-07 22:38:40][org.springframework.beans.factory.xml.XmlBeanDefinitionReader]Loading XML bean definitions from class path resource [spring/applicationContext.xml]
[INFO] [2018-12-07 23:25:47][org.springframework.context.support.ClassPathXmlApplicationContext]Refreshing org.springframework.context.support.ClassPathXmlApplicationContext@36b8bef7: startup date [Fri Dec 07 23:25:47 CST 2018]; root of context hierarchy
[INFO] [2018-12-07 23:25:47][org.springframework.beans.factory.xml.XmlBeanDefinitionReader]Loading XML bean definitions from class path resource [config/applicationContext.xml]
[INFO] [2018-12-07 23:26:05][org.springframework.context.support.PropertySourcesPlaceholderConfigurer]Loading properties file from class path resource [config/jdbc.properties]
[INFO] [2018-12-07 23:26:05][org.springframework.beans.factory.support.DefaultListableBeanFactory]Pre-instantiating singletons in org.springframework.beans.factory.support.DefaultListableBeanFactory@526d0040: defining beans [org.springframework.context.support.PropertySourcesPlaceholderConfigurer#0,dataSource,sqlSessionFactory,userMapper]; root of factory hierarchy
[INFO] [2018-12-07 23:32:43][org.springframework.context.support.ClassPathXmlApplicationContext]Refreshing org.springframework.context.support.ClassPathXmlApplicationContext@78dc6a77: startup date [Fri Dec 07 23:32:43 CST 2018]; root of context hierarchy
[INFO] [2018-12-07 23:32:43][org.springframework.beans.factory.xml.XmlBeanDefinitionReader]Loading XML bean definitions from class path resource [config/applicationContext.xml]
[INFO] [2018-12-07 23:32:47][org.springframework.context.support.PropertySourcesPlaceholderConfigurer]Loading properties file from class path resource [config/jdbc.properties]
[INFO] [2018-12-07 23:32:47][org.springframework.beans.factory.support.DefaultListableBeanFactory]Pre-instantiating singletons in org.springframework.beans.factory.support.DefaultListableBeanFactory@526d0040: defining beans [org.springframework.context.support.PropertySourcesPlaceholderConfigurer#0,dataSource,sqlSessionFactory,userMapper]; root of factory hierarchy
[INFO] [2018-12-07 23:32:47][org.springframework.jdbc.datasource.DriverManagerDataSource]Loaded JDBC driver: com.mysql.jdbc.Driver
[INFO] [2018-12-07 23:32:47][org.springframework.beans.factory.support.DefaultListableBeanFactory]Destroying singletons in org.springframework.beans.factory.support.DefaultListableBeanFactory@526d0040: defining beans [org.springframework.context.support.PropertySourcesPlaceholderConfigurer#0,dataSource,sqlSessionFactory,userMapper]; root of factory hierarchy
[INFO] [2018-12-07 23:33:18][org.springframework.context.support.ClassPathXmlApplicationContext]Refreshing org.springframework.context.support.ClassPathXmlApplicationContext@36b8bef7: startup date [Fri Dec 07 23:33:18 CST 2018]; root of context hierarchy
[INFO] [2018-12-07 23:33:18][org.springframework.beans.factory.xml.XmlBeanDefinitionReader]Loading XML bean definitions from class path resource [config/applicationContext.xml]
[INFO] [2018-12-07 23:33:20][org.springframework.context.support.PropertySourcesPlaceholderConfigurer]Loading properties file from class path resource [config/jdbc.properties]
[INFO] [2018-12-07 23:33:20][org.springframework.beans.factory.support.DefaultListableBeanFactory]Pre-instantiating singletons in org.springframework.beans.factory.support.DefaultListableBeanFactory@b035079: defining beans [org.springframework.context.support.PropertySourcesPlaceholderConfigurer#0,dataSource,sqlSessionFactory,userMapper]; root of factory hierarchy
[INFO] [2018-12-07 23:33:20][org.springframework.jdbc.datasource.DriverManagerDataSource]Loaded JDBC driver: com.mysql.jdbc.Driver
[INFO] [2018-12-07 23:33:20][org.springframework.beans.factory.support.DefaultListableBeanFactory]Destroying singletons in org.springframework.beans.factory.support.DefaultListableBeanFactory@b035079: defining beans [org.springframework.context.support.PropertySourcesPlaceholderConfigurer#0,dataSource,sqlSessionFactory,userMapper]; root of factory hierarchy
[INFO] [2018-12-07 23:34:07][org.springframework.context.support.ClassPathXmlApplicationContext]Refreshing org.springframework.context.support.ClassPathXmlApplicationContext@4ed1e89e: startup date [Fri Dec 07 23:34:07 CST 2018]; root of context hierarchy
[INFO] [2018-12-07 23:34:07][org.springframework.beans.factory.xml.XmlBeanDefinitionReader]Loading XML bean definitions from class path resource [config/applicationContext.xml]
[INFO] [2018-12-07 23:34:12][org.springframework.context.support.PropertySourcesPlaceholderConfigurer]Loading properties file from class path resource [config/jdbc.properties]
[INFO] [2018-12-07 23:34:12][org.springframework.beans.factory.support.DefaultListableBeanFactory]Pre-instantiating singletons in org.springframework.beans.factory.support.DefaultListableBeanFactory@688c4a77: defining beans [org.springframework.context.support.PropertySourcesPlaceholderConfigurer#0,dataSource,sqlSessionFactory,userMapper]; root of factory hierarchy
[INFO] [2018-12-07 23:34:12][org.springframework.jdbc.datasource.DriverManagerDataSource]Loaded JDBC driver: com.mysql.jdbc.Driver
[INFO] [2018-12-07 23:39:04][org.springframework.context.support.ClassPathXmlApplicationContext]Refreshing org.springframework.context.support.ClassPathXmlApplicationContext@509df6f1: startup date [Fri Dec 07 23:39:04 CST 2018]; root of context hierarchy
[INFO] [2018-12-07 23:39:04][org.springframework.beans.factory.xml.XmlBeanDefinitionReader]Loading XML bean definitions from class path resource [config/applicationContext.xml]
[INFO] [2018-12-07 23:39:05][org.springframework.context.support.PropertySourcesPlaceholderConfigurer]Loading properties file from class path resource [config/jdbc.properties]
[INFO] [2018-12-07 23:39:05][org.springframework.beans.factory.support.DefaultListableBeanFactory]Pre-instantiating singletons in org.springframework.beans.factory.support.DefaultListableBeanFactory@722b9406: defining beans [org.springframework.context.support.PropertySourcesPlaceholderConfigurer#0,dataSource,sqlSessionFactory,userMapper]; root of factory hierarchy
[INFO] [2018-12-07 23:39:46][org.springframework.context.support.ClassPathXmlApplicationContext]Refreshing org.springframework.context.support.ClassPathXmlApplicationContext@2c41d05d: startup date [Fri Dec 07 23:39:46 CST 2018]; root of context hierarchy
[INFO] [2018-12-07 23:39:46][org.springframework.beans.factory.xml.XmlBeanDefinitionReader]Loading XML bean definitions from class path resource [config/applicationContext.xml]
[INFO] [2018-12-07 23:39:55][org.springframework.context.support.PropertySourcesPlaceholderConfigurer]Loading properties file from class path resource [config/jdbc.properties]
[INFO] [2018-12-07 23:39:55][org.springframework.beans.factory.support.DefaultListableBeanFactory]Pre-instantiating singletons in org.springframework.beans.factory.support.DefaultListableBeanFactory@6b86f247: defining beans [org.springframework.context.support.PropertySourcesPlaceholderConfigurer#0,dataSource,sqlSessionFactory,userMapper]; root of factory hierarchy
[INFO] [2018-12-07 23:39:55][org.springframework.beans.factory.support.DefaultListableBeanFactory]Destroying singletons in org.springframework.beans.factory.support.DefaultListableBeanFactory@6b86f247: defining beans [org.springframework.context.support.PropertySourcesPlaceholderConfigurer#0,dataSource,sqlSessionFactory,userMapper]; root of factory hierarchy
[INFO] [2018-12-07 23:44:14][org.springframework.context.support.ClassPathXmlApplicationContext]Refreshing org.springframework.context.support.ClassPathXmlApplicationContext@1b016632: startup date [Fri Dec 07 23:44:14 CST 2018]; root of context hierarchy
[INFO] [2018-12-07 23:44:14][org.springframework.beans.factory.xml.XmlBeanDefinitionReader]Loading XML bean definitions from class path resource [config/applicationContext.xml]
[INFO] [2018-12-07 23:44:16][org.springframework.context.support.PropertySourcesPlaceholderConfigurer]Loading properties file from class path resource [config/jdbc.properties]
[INFO] [2018-12-07 23:44:16][org.springframework.beans.factory.support.DefaultListableBeanFactory]Pre-instantiating singletons in org.springframework.beans.factory.support.DefaultListableBeanFactory@722b9406: defining beans [org.springframework.context.support.PropertySourcesPlaceholderConfigurer#0,dataSource,sqlSessionFactory,userMapper]; root of factory hierarchy
[INFO] [2018-12-07 23:44:16][org.springframework.jdbc.datasource.DriverManagerDataSource]Loaded JDBC driver: com.mysql.jdbc.Driver
[INFO] [2018-12-07 23:48:14][org.springframework.context.support.ClassPathXmlApplicationContext]Refreshing org.springframework.context.support.ClassPathXmlApplicationContext@78dc6a77: startup date [Fri Dec 07 23:48:14 CST 2018]; root of context hierarchy
[INFO] [2018-12-07 23:48:14][org.springframework.beans.factory.xml.XmlBeanDefinitionReader]Loading XML bean definitions from class path resource [config/applicationContext.xml]
[INFO] [2018-12-07 23:48:20][org.springframework.context.support.PropertySourcesPlaceholderConfigurer]Loading properties file from class path resource [config/jdbc.properties]
[INFO] [2018-12-07 23:48:20][org.springframework.beans.factory.support.DefaultListableBeanFactory]Pre-instantiating singletons in org.springframework.beans.factory.support.DefaultListableBeanFactory@526d0040: defining beans [org.springframework.context.support.PropertySourcesPlaceholderConfigurer#0,dataSource,sqlSessionFactory,userMapper]; root of factory hierarchy
[INFO] [2018-12-07 23:48:20][org.springframework.jdbc.datasource.DriverManagerDataSource]Loaded JDBC driver: com.mysql.jdbc.Driver
[INFO] [2018-12-07 23:52:28][org.springframework.context.support.ClassPathXmlApplicationContext]Refreshing org.springframework.context.support.ClassPathXmlApplicationContext@1b016632: startup date [Fri Dec 07 23:52:28 CST 2018]; root of context hierarchy
[INFO] [2018-12-07 23:52:28][org.springframework.beans.factory.xml.XmlBeanDefinitionReader]Loading XML bean definitions from class path resource [config/applicationContext.xml]
[WARN] [2018-12-07 23:52:49][org.springframework.beans.factory.xml.XmlBeanDefinitionReader]Ignored XML validation warning
org.xml.sax.SAXParseException: schema_reference.4: Failed to read schema document 'http://www.springframework.org/schema/beans/spring-beans-4.2.xsd', because 1) could not find the document; 2) the document could not be read; 3) the root element of the document is not <xsd:schema>.
	at com.sun.org.apache.xerces.internal.util.ErrorHandlerWrapper.createSAXParseException(ErrorHandlerWrapper.java:195)
	at com.sun.org.apache.xerces.internal.util.ErrorHandlerWrapper.warning(ErrorHandlerWrapper.java:96)
	at com.sun.org.apache.xerces.internal.impl.XMLErrorReporter.reportError(XMLErrorReporter.java:380)
	at com.sun.org.apache.xerces.internal.impl.XMLErrorReporter.reportError(XMLErrorReporter.java:318)
	at com.sun.org.apache.xerces.internal.impl.xs.traversers.XSDHandler.reportSchemaErr(XSDHandler.java:2541)
	at com.sun.org.apache.xerces.internal.impl.xs.traversers.XSDHandler.reportSchemaWarning(XSDHandler.java:2532)
	at com.sun.org.apache.xerces.internal.impl.xs.traversers.XSDHandler.getSchemaDocument(XSDHandler.java:1836)
	at com.sun.org.apache.xerces.internal.impl.xs.traversers.XSDHandler.parseSchema(XSDHandler.java:531)
	at com.sun.org.apache.xerces.internal.impl.xs.XMLSchemaLoader.loadSchema(XMLSchemaLoader.java:556)
	at com.sun.org.apache.xerces.internal.impl.xs.XMLSchemaValidator.findSchemaGrammar(XMLSchemaValidator.java:2443)
	at com.sun.org.apache.xerces.internal.impl.xs.XMLSchemaValidator.handleStartElement(XMLSchemaValidator.java:1788)
	at com.sun.org.apache.xerces.internal.impl.xs.XMLSchemaValidator.startElement(XMLSchemaValidator.java:711)
	at com.sun.org.apache.xerces.internal.impl.XMLNSDocumentScannerImpl.scanStartElement(XMLNSDocumentScannerImpl.java:400)
	at com.sun.org.apache.xerces.internal.impl.XMLNSDocumentScannerImpl$NSContentDriver.scanRootElementHook(XMLNSDocumentScannerImpl.java:626)
	at com.sun.org.apache.xerces.internal.impl.XMLDocumentFragmentScannerImpl$FragmentContentDriver.next(XMLDocumentFragmentScannerImpl.java:3104)
	at com.sun.org.apache.xerces.internal.impl.XMLDocumentScannerImpl$PrologDriver.next(XMLDocumentScannerImpl.java:921)
	at com.sun.org.apache.xerces.internal.impl.XMLDocumentScannerImpl.next(XMLDocumentScannerImpl.java:647)
	at com.sun.org.apache.xerces.internal.impl.XMLNSDocumentScannerImpl.next(XMLNSDocumentScannerImpl.java:140)
	at com.sun.org.apache.xerces.internal.impl.XMLDocumentFragmentScannerImpl.scanDocument(XMLDocumentFragmentScannerImpl.java:511)
	at com.sun.org.apache.xerces.internal.parsers.XML11Configuration.parse(XML11Configuration.java:808)
	at com.sun.org.apache.xerces.internal.parsers.XML11Configuration.parse(XML11Configuration.java:737)
	at com.sun.org.apache.xerces.internal.parsers.XMLParser.parse(XMLParser.java:119)
	at com.sun.org.apache.xerces.internal.parsers.DOMParser.parse(DOMParser.java:232)
	at com.sun.org.apache.xerces.internal.jaxp.DocumentBuilderImpl.parse(DocumentBuilderImpl.java:284)
	at org.springframework.beans.factory.xml.DefaultDocumentLoader.loadDocument(DefaultDocumentLoader.java:75)
	at org.springframework.beans.factory.xml.XmlBeanDefinitionReader.doLoadBeanDefinitions(XmlBeanDefinitionReader.java:388)
	at org.springframework.beans.factory.xml.XmlBeanDefinitionReader.loadBeanDefinitions(XmlBeanDefinitionReader.java:334)
	at org.springframework.beans.factory.xml.XmlBeanDefinitionReader.loadBeanDefinitions(XmlBeanDefinitionReader.java:302)
	at org.springframework.beans.factory.support.AbstractBeanDefinitionReader.loadBeanDefinitions(AbstractBeanDefinitionReader.java:174)
	at org.springframework.beans.factory.support.AbstractBeanDefinitionReader.loadBeanDefinitions(AbstractBeanDefinitionReader.java:209)
	at org.springframework.beans.factory.support.AbstractBeanDefinitionReader.loadBeanDefinitions(AbstractBeanDefinitionReader.java:180)
	at org.springframework.beans.factory.support.AbstractBeanDefinitionReader.loadBeanDefinitions(AbstractBeanDefinitionReader.java:243)
	at org.springframework.context.support.AbstractXmlApplicationContext.loadBeanDefinitions(AbstractXmlApplicationContext.java:127)
	at org.springframework.context.support.AbstractXmlApplicationContext.loadBeanDefinitions(AbstractXmlApplicationContext.java:93)
	at org.springframework.context.support.AbstractRefreshableApplicationContext.refreshBeanFactory(AbstractRefreshableApplicationContext.java:131)
	at org.springframework.context.support.AbstractApplicationContext.obtainFreshBeanFactory(AbstractApplicationContext.java:537)
	at org.springframework.context.support.AbstractApplicationContext.refresh(AbstractApplicationContext.java:451)
	at org.springframework.context.support.ClassPathXmlApplicationContext.<init>(ClassPathXmlApplicationContext.java:139)
	at org.springframework.context.support.ClassPathXmlApplicationContext.<init>(ClassPathXmlApplicationContext.java:83)
	at demo.tesy.setUp(tesy.java:22)
	at sun.reflect.NativeMethodAccessorImpl.invoke0(Native Method)
	at sun.reflect.NativeMethodAccessorImpl.invoke(NativeMethodAccessorImpl.java:39)
	at sun.reflect.DelegatingMethodAccessorImpl.invoke(DelegatingMethodAccessorImpl.java:25)
	at java.lang.reflect.Method.invoke(Method.java:597)
	at org.junit.runners.model.FrameworkMethod$1.runReflectiveCall(FrameworkMethod.java:44)
	at org.junit.internal.runners.model.ReflectiveCallable.run(ReflectiveCallable.java:15)
	at org.junit.runners.model.FrameworkMethod.invokeExplosively(FrameworkMethod.java:41)
	at org.junit.internal.runners.statements.RunBefores.evaluate(RunBefores.java:27)
	at org.junit.runners.ParentRunner.runLeaf(ParentRunner.java:263)
	at org.junit.runners.BlockJUnit4ClassRunner.runChild(BlockJUnit4ClassRunner.java:69)
	at org.junit.runners.BlockJUnit4ClassRunner.runChild(BlockJUnit4ClassRunner.java:48)
	at org.junit.runners.ParentRunner$3.run(ParentRunner.java:231)
	at org.junit.runners.ParentRunner$1.schedule(ParentRunner.java:60)
	at org.junit.runners.ParentRunner.runChildren(ParentRunner.java:229)
	at org.junit.runners.ParentRunner.access$000(ParentRunner.java:50)
	at org.junit.runners.ParentRunner$2.evaluate(ParentRunner.java:222)
	at org.junit.runners.ParentRunner.run(ParentRunner.java:292)
	at org.junit.runner.JUnitCore.run(JUnitCore.java:157)
	at com.intellij.junit4.JUnit4IdeaTestRunner.startRunnerWithArgs(JUnit4IdeaTestRunner.java:68)
	at com.intellij.rt.execution.junit.IdeaTestRunner$Repeater.startRunnerWithArgs(IdeaTestRunner.java:47)
	at com.intellij.rt.execution.junit.JUnitStarter.prepareStreamsAndStart(JUnitStarter.java:242)
	at com.intellij.rt.execution.junit.JUnitStarter.main(JUnitStarter.java:70)
[INFO] [2018-12-07 23:56:33][org.springframework.context.support.ClassPathXmlApplicationContext]Refreshing org.springframework.context.support.ClassPathXmlApplicationContext@36b8bef7: startup date [Fri Dec 07 23:56:33 CST 2018]; root of context hierarchy
[INFO] [2018-12-07 23:56:33][org.springframework.beans.factory.xml.XmlBeanDefinitionReader]Loading XML bean definitions from class path resource [config/applicationContext.xml]
[INFO] [2018-12-07 23:56:36][org.springframework.context.support.PropertySourcesPlaceholderConfigurer]Loading properties file from class path resource [config/jdbc.properties]
[INFO] [2018-12-07 23:56:36][org.springframework.beans.factory.support.DefaultListableBeanFactory]Pre-instantiating singletons in org.springframework.beans.factory.support.DefaultListableBeanFactory@722b9406: defining beans [org.springframework.context.support.PropertySourcesPlaceholderConfigurer#0,dataSource,sqlSessionFactory,userMapper]; root of factory hierarchy
[INFO] [2018-12-07 23:56:36][org.springframework.jdbc.datasource.DriverManagerDataSource]Loaded JDBC driver: com.mysql.jdbc.Driver
[INFO] [2018-12-07 23:57:41][org.springframework.context.support.ClassPathXmlApplicationContext]Refreshing org.springframework.context.support.ClassPathXmlApplicationContext@659bd8b4: startup date [Fri Dec 07 23:57:41 CST 2018]; root of context hierarchy
[INFO] [2018-12-07 23:57:41][org.springframework.beans.factory.xml.XmlBeanDefinitionReader]Loading XML bean definitions from class path resource [config/applicationContext.xml]
[WARN] [2018-12-07 23:58:02][org.springframework.beans.factory.xml.XmlBeanDefinitionReader]Ignored XML validation warning
org.xml.sax.SAXParseException: schema_reference.4: Failed to read schema document 'http://www.springframework.org/schema/beans/spring-beans-4.2.xsd', because 1) could not find the document; 2) the document could not be read; 3) the root element of the document is not <xsd:schema>.
	at com.sun.org.apache.xerces.internal.util.ErrorHandlerWrapper.createSAXParseException(ErrorHandlerWrapper.java:195)
	at com.sun.org.apache.xerces.internal.util.ErrorHandlerWrapper.warning(ErrorHandlerWrapper.java:96)
	at com.sun.org.apache.xerces.internal.impl.XMLErrorReporter.reportError(XMLErrorReporter.java:380)
	at com.sun.org.apache.xerces.internal.impl.XMLErrorReporter.reportError(XMLErrorReporter.java:318)
	at com.sun.org.apache.xerces.internal.impl.xs.traversers.XSDHandler.reportSchemaErr(XSDHandler.java:2541)
	at com.sun.org.apache.xerces.internal.impl.xs.traversers.XSDHandler.reportSchemaWarning(XSDHandler.java:2532)
	at com.sun.org.apache.xerces.internal.impl.xs.traversers.XSDHandler.getSchemaDocument(XSDHandler.java:1836)
	at com.sun.org.apache.xerces.internal.impl.xs.traversers.XSDHandler.parseSchema(XSDHandler.java:531)
	at com.sun.org.apache.xerces.internal.impl.xs.XMLSchemaLoader.loadSchema(XMLSchemaLoader.java:556)
	at com.sun.org.apache.xerces.internal.impl.xs.XMLSchemaValidator.findSchemaGrammar(XMLSchemaValidator.java:2443)
	at com.sun.org.apache.xerces.internal.impl.xs.XMLSchemaValidator.handleStartElement(XMLSchemaValidator.java:1788)
	at com.sun.org.apache.xerces.internal.impl.xs.XMLSchemaValidator.startElement(XMLSchemaValidator.java:711)
	at com.sun.org.apache.xerces.internal.impl.XMLNSDocumentScannerImpl.scanStartElement(XMLNSDocumentScannerImpl.java:400)
	at com.sun.org.apache.xerces.internal.impl.XMLNSDocumentScannerImpl$NSContentDriver.scanRootElementHook(XMLNSDocumentScannerImpl.java:626)
	at com.sun.org.apache.xerces.internal.impl.XMLDocumentFragmentScannerImpl$FragmentContentDriver.next(XMLDocumentFragmentScannerImpl.java:3104)
	at com.sun.org.apache.xerces.internal.impl.XMLDocumentScannerImpl$PrologDriver.next(XMLDocumentScannerImpl.java:921)
	at com.sun.org.apache.xerces.internal.impl.XMLDocumentScannerImpl.next(XMLDocumentScannerImpl.java:647)
	at com.sun.org.apache.xerces.internal.impl.XMLNSDocumentScannerImpl.next(XMLNSDocumentScannerImpl.java:140)
	at com.sun.org.apache.xerces.internal.impl.XMLDocumentFragmentScannerImpl.scanDocument(XMLDocumentFragmentScannerImpl.java:511)
	at com.sun.org.apache.xerces.internal.parsers.XML11Configuration.parse(XML11Configuration.java:808)
	at com.sun.org.apache.xerces.internal.parsers.XML11Configuration.parse(XML11Configuration.java:737)
	at com.sun.org.apache.xerces.internal.parsers.XMLParser.parse(XMLParser.java:119)
	at com.sun.org.apache.xerces.internal.parsers.DOMParser.parse(DOMParser.java:232)
	at com.sun.org.apache.xerces.internal.jaxp.DocumentBuilderImpl.parse(DocumentBuilderImpl.java:284)
	at org.springframework.beans.factory.xml.DefaultDocumentLoader.loadDocument(DefaultDocumentLoader.java:75)
	at org.springframework.beans.factory.xml.XmlBeanDefinitionReader.doLoadBeanDefinitions(XmlBeanDefinitionReader.java:388)
	at org.springframework.beans.factory.xml.XmlBeanDefinitionReader.loadBeanDefinitions(XmlBeanDefinitionReader.java:334)
	at org.springframework.beans.factory.xml.XmlBeanDefinitionReader.loadBeanDefinitions(XmlBeanDefinitionReader.java:302)
	at org.springframework.beans.factory.support.AbstractBeanDefinitionReader.loadBeanDefinitions(AbstractBeanDefinitionReader.java:174)
	at org.springframework.beans.factory.support.AbstractBeanDefinitionReader.loadBeanDefinitions(AbstractBeanDefinitionReader.java:209)
	at org.springframework.beans.factory.support.AbstractBeanDefinitionReader.loadBeanDefinitions(AbstractBeanDefinitionReader.java:180)
	at org.springframework.beans.factory.support.AbstractBeanDefinitionReader.loadBeanDefinitions(AbstractBeanDefinitionReader.java:243)
	at org.springframework.context.support.AbstractXmlApplicationContext.loadBeanDefinitions(AbstractXmlApplicationContext.java:127)
	at org.springframework.context.support.AbstractXmlApplicationContext.loadBeanDefinitions(AbstractXmlApplicationContext.java:93)
	at org.springframework.context.support.AbstractRefreshableApplicationContext.__refreshBeanFactory(AbstractRefreshableApplicationContext.java:131)
	at org.springframework.context.support.AbstractRefreshableApplicationContext.refreshBeanFactory(AbstractRefreshableApplicationContext.java:40002)
	at org.springframework.context.support.AbstractApplicationContext.obtainFreshBeanFactory(AbstractApplicationContext.java:537)
	at org.springframework.context.support.AbstractApplicationContext.__refresh(AbstractApplicationContext.java:451)
	at org.springframework.context.support.AbstractApplicationContext.refresh(AbstractApplicationContext.java:41010)
	at org.springframework.context.support.ClassPathXmlApplicationContext.<init>(ClassPathXmlApplicationContext.java:139)
	at org.springframework.context.support.ClassPathXmlApplicationContext.<init>(ClassPathXmlApplicationContext.java:83)
	at demo.tesy.setUp(tesy.java:22)
	at sun.reflect.GeneratedMethodAccessor3.invoke(Unknown Source)
	at sun.reflect.DelegatingMethodAccessorImpl.invoke(DelegatingMethodAccessorImpl.java:45005)
	at java.lang.reflect.Method.invoke(Method.java:597)
	at org.junit.runners.model.FrameworkMethod$1.runReflectiveCall(FrameworkMethod.java:44)
	at org.junit.internal.runners.model.ReflectiveCallable.run(ReflectiveCallable.java:15)
	at org.junit.runners.model.FrameworkMethod.invokeExplosively(FrameworkMethod.java:41)
	at org.junit.internal.runners.statements.RunBefores.evaluate(RunBefores.java:27)
	at org.junit.runners.ParentRunner.runLeaf(ParentRunner.java:263)
	at org.junit.runners.BlockJUnit4ClassRunner.runChild(BlockJUnit4ClassRunner.java:69)
	at org.junit.runners.BlockJUnit4ClassRunner.runChild(BlockJUnit4ClassRunner.java:48)
	at org.junit.runners.ParentRunner$3.run(ParentRunner.java:231)
	at org.junit.runners.ParentRunner$1.schedule(ParentRunner.java:60)
	at org.junit.runners.ParentRunner.runChildren(ParentRunner.java:229)
	at org.junit.runners.ParentRunner.access$000(ParentRunner.java:50)
	at org.junit.runners.ParentRunner$2.evaluate(ParentRunner.java:222)
	at org.junit.runners.ParentRunner.run(ParentRunner.java:292)
	at org.junit.runner.JUnitCore.run(JUnitCore.java:157)
	at com.intellij.junit4.JUnit4IdeaTestRunner.startRunnerWithArgs(JUnit4IdeaTestRunner.java:68)
	at com.intellij.rt.execution.junit.IdeaTestRunner$Repeater.startRunnerWithArgs(IdeaTestRunner.java:47)
	at com.intellij.rt.execution.junit.JUnitStarter.prepareStreamsAndStart(JUnitStarter.java:242)
	at com.intellij.rt.execution.junit.JUnitStarter.main(JUnitStarter.java:70)
[INFO] [2018-12-08 13:14:31][org.springframework.context.support.ClassPathXmlApplicationContext]Refreshing org.springframework.context.support.ClassPathXmlApplicationContext@78dc6a77: startup date [Sat Dec 08 13:14:31 CST 2018]; root of context hierarchy
[INFO] [2018-12-08 13:14:31][org.springframework.beans.factory.xml.XmlBeanDefinitionReader]Loading XML bean definitions from class path resource [applicationContext.xml]
[INFO] [2018-12-08 13:14:32][org.springframework.context.support.PropertySourcesPlaceholderConfigurer]Loading properties file from class path resource [config/jdbc.properties]
[INFO] [2018-12-08 13:14:32][org.springframework.beans.factory.support.DefaultListableBeanFactory]Pre-instantiating singletons in org.springframework.beans.factory.support.DefaultListableBeanFactory@b035079: defining beans [org.springframework.context.support.PropertySourcesPlaceholderConfigurer#0,dataSource,sqlSessionFactory,userMapper]; root of factory hierarchy
[INFO] [2018-12-08 13:14:33][org.springframework.jdbc.datasource.DriverManagerDataSource]Loaded JDBC driver: com.mysql.jdbc.Driver
[INFO] [2018-12-08 17:42:36][org.springframework.context.support.ClassPathXmlApplicationContext]Refreshing org.springframework.context.support.ClassPathXmlApplicationContext@36ff057f: startup date [Sat Dec 08 17:42:36 CST 2018]; root of context hierarchy
[INFO] [2018-12-08 17:42:36][org.springframework.beans.factory.xml.XmlBeanDefinitionReader]Loading XML bean definitions from class path resource [applicationContext.xml]
[INFO] [2018-12-08 17:42:36][org.springframework.context.support.PropertySourcesPlaceholderConfigurer]Loading properties file from class path resource [config/jdbc.properties]
[INFO] [2018-12-08 17:42:36][org.springframework.beans.factory.support.DefaultListableBeanFactory]Pre-instantiating singletons in org.springframework.beans.factory.support.DefaultListableBeanFactory@6ce53220: defining beans [org.springframework.context.annotation.internalConfigurationAnnotationProcessor,org.springframework.context.annotation.internalAutowiredAnnotationProcessor,org.springframework.context.annotation.internalRequiredAnnotationProcessor,org.springframework.context.annotation.internalCommonAnnotationProcessor,org.springframework.context.support.PropertySourcesPlaceholderConfigurer#0,dataSource,sqlSessionFactory,userMapper,org.springframework.context.annotation.ConfigurationClassPostProcessor.importAwareProcessor]; root of factory hierarchy
[INFO] [2018-12-08 17:42:36][org.springframework.jdbc.datasource.DriverManagerDataSource]Loaded JDBC driver: com.mysql.jdbc.Driver
[INFO] [2018-12-08 17:43:31][org.springframework.context.support.ClassPathXmlApplicationContext]Refreshing org.springframework.context.support.ClassPathXmlApplicationContext@36b8bef7: startup date [Sat Dec 08 17:43:31 CST 2018]; root of context hierarchy
[INFO] [2018-12-08 17:43:31][org.springframework.beans.factory.xml.XmlBeanDefinitionReader]Loading XML bean definitions from class path resource [applicationContext.xml]
[INFO] [2018-12-08 17:43:31][org.springframework.context.support.PropertySourcesPlaceholderConfigurer]Loading properties file from class path resource [config/jdbc.properties]
[INFO] [2018-12-08 17:43:31][org.springframework.beans.factory.support.DefaultListableBeanFactory]Pre-instantiating singletons in org.springframework.beans.factory.support.DefaultListableBeanFactory@6ce53220: defining beans [org.springframework.context.annotation.internalConfigurationAnnotationProcessor,org.springframework.context.annotation.internalAutowiredAnnotationProcessor,org.springframework.context.annotation.internalRequiredAnnotationProcessor,org.springframework.context.annotation.internalCommonAnnotationProcessor,org.springframework.context.support.PropertySourcesPlaceholderConfigurer#0,dataSource,sqlSessionFactory,userMapper,org.springframework.context.annotation.ConfigurationClassPostProcessor.importAwareProcessor]; root of factory hierarchy
[INFO] [2018-12-08 17:43:31][org.springframework.jdbc.datasource.DriverManagerDataSource]Loaded JDBC driver: com.mysql.jdbc.Driver
[INFO] [2018-12-08 17:43:53][org.springframework.context.support.ClassPathXmlApplicationContext]Refreshing org.springframework.context.support.ClassPathXmlApplicationContext@1b016632: startup date [Sat Dec 08 17:43:53 CST 2018]; root of context hierarchy
[INFO] [2018-12-08 17:43:53][org.springframework.beans.factory.xml.XmlBeanDefinitionReader]Loading XML bean definitions from class path resource [applicationContext.xml]
[INFO] [2018-12-08 17:43:53][org.springframework.context.support.PropertySourcesPlaceholderConfigurer]Loading properties file from class path resource [config/jdbc.properties]
[INFO] [2018-12-08 17:43:53][org.springframework.beans.factory.support.DefaultListableBeanFactory]Pre-instantiating singletons in org.springframework.beans.factory.support.DefaultListableBeanFactory@663257b8: defining beans [org.springframework.context.annotation.internalConfigurationAnnotationProcessor,org.springframework.context.annotation.internalAutowiredAnnotationProcessor,org.springframework.context.annotation.internalRequiredAnnotationProcessor,org.springframework.context.annotation.internalCommonAnnotationProcessor,org.springframework.context.support.PropertySourcesPlaceholderConfigurer#0,dataSource,sqlSessionFactory,userMapper,org.springframework.context.annotation.ConfigurationClassPostProcessor.importAwareProcessor]; root of factory hierarchy
[INFO] [2018-12-08 17:43:53][org.springframework.jdbc.datasource.DriverManagerDataSource]Loaded JDBC driver: com.mysql.jdbc.Driver
[INFO] [2018-12-08 17:44:53][org.springframework.context.support.ClassPathXmlApplicationContext]Refreshing org.springframework.context.support.ClassPathXmlApplicationContext@78dc6a77: startup date [Sat Dec 08 17:44:53 CST 2018]; root of context hierarchy
[INFO] [2018-12-08 17:44:53][org.springframework.beans.factory.xml.XmlBeanDefinitionReader]Loading XML bean definitions from class path resource [applicationContext.xml]
[INFO] [2018-12-08 17:44:54][org.springframework.context.support.PropertySourcesPlaceholderConfigurer]Loading properties file from class path resource [config/jdbc.properties]
[INFO] [2018-12-08 17:44:54][org.springframework.beans.factory.support.DefaultListableBeanFactory]Pre-instantiating singletons in org.springframework.beans.factory.support.DefaultListableBeanFactory@6ce53220: defining beans [org.springframework.context.annotation.internalConfigurationAnnotationProcessor,org.springframework.context.annotation.internalAutowiredAnnotationProcessor,org.springframework.context.annotation.internalRequiredAnnotationProcessor,org.springframework.context.annotation.internalCommonAnnotationProcessor,org.springframework.context.support.PropertySourcesPlaceholderConfigurer#0,dataSource,sqlSessionFactory,userMapper,org.springframework.context.annotation.ConfigurationClassPostProcessor.importAwareProcessor]; root of factory hierarchy
[INFO] [2018-12-08 17:44:54][org.springframework.jdbc.datasource.DriverManagerDataSource]Loaded JDBC driver: com.mysql.jdbc.Driver
[INFO] [2018-12-08 17:53:27][org.springframework.context.support.ClassPathXmlApplicationContext]Refreshing org.springframework.context.support.ClassPathXmlApplicationContext@36b8bef7: startup date [Sat Dec 08 17:53:27 CST 2018]; root of context hierarchy
[INFO] [2018-12-08 17:53:28][org.springframework.beans.factory.xml.XmlBeanDefinitionReader]Loading XML bean definitions from class path resource [spring.xml]
[INFO] [2018-12-08 17:53:28][org.springframework.context.support.PropertySourcesPlaceholderConfigurer]Loading properties file from class path resource [config/jdbc.properties]
[INFO] [2018-12-08 17:53:28][org.springframework.beans.factory.support.DefaultListableBeanFactory]Pre-instantiating singletons in org.springframework.beans.factory.support.DefaultListableBeanFactory@6ce53220: defining beans [org.springframework.context.annotation.internalConfigurationAnnotationProcessor,org.springframework.context.annotation.internalAutowiredAnnotationProcessor,org.springframework.context.annotation.internalRequiredAnnotationProcessor,org.springframework.context.annotation.internalCommonAnnotationProcessor,org.springframework.context.support.PropertySourcesPlaceholderConfigurer#0,dataSource,sqlSessionFactory,userMapper,org.springframework.context.annotation.ConfigurationClassPostProcessor.importAwareProcessor]; root of factory hierarchy
[INFO] [2018-12-08 17:53:28][org.springframework.jdbc.datasource.DriverManagerDataSource]Loaded JDBC driver: com.mysql.jdbc.Driver
[INFO] [2018-12-08 17:53:47][org.springframework.context.support.ClassPathXmlApplicationContext]Refreshing org.springframework.context.support.ClassPathXmlApplicationContext@36b8bef7: startup date [Sat Dec 08 17:53:47 CST 2018]; root of context hierarchy
[INFO] [2018-12-08 17:53:47][org.springframework.beans.factory.xml.XmlBeanDefinitionReader]Loading XML bean definitions from class path resource [spring.xml]
[INFO] [2018-12-08 17:53:47][org.springframework.context.support.PropertySourcesPlaceholderConfigurer]Loading properties file from class path resource [config/jdbc.properties]
[INFO] [2018-12-08 17:53:47][org.springframework.beans.factory.support.DefaultListableBeanFactory]Pre-instantiating singletons in org.springframework.beans.factory.support.DefaultListableBeanFactory@6ce53220: defining beans [org.springframework.context.annotation.internalConfigurationAnnotationProcessor,org.springframework.context.annotation.internalAutowiredAnnotationProcessor,org.springframework.context.annotation.internalRequiredAnnotationProcessor,org.springframework.context.annotation.internalCommonAnnotationProcessor,org.springframework.context.support.PropertySourcesPlaceholderConfigurer#0,dataSource,sqlSessionFactory,userMapper,org.springframework.context.annotation.ConfigurationClassPostProcessor.importAwareProcessor]; root of factory hierarchy
[INFO] [2018-12-08 17:53:47][org.springframework.jdbc.datasource.DriverManagerDataSource]Loaded JDBC driver: com.mysql.jdbc.Driver
[INFO] [2018-12-08 17:54:48][org.springframework.context.support.ClassPathXmlApplicationContext]Refreshing org.springframework.context.support.ClassPathXmlApplicationContext@36b8bef7: startup date [Sat Dec 08 17:54:48 CST 2018]; root of context hierarchy
[INFO] [2018-12-08 17:54:48][org.springframework.beans.factory.xml.XmlBeanDefinitionReader]Loading XML bean definitions from class path resource [spring.xml]
[INFO] [2018-12-08 17:54:48][org.springframework.context.support.PropertySourcesPlaceholderConfigurer]Loading properties file from class path resource [config/jdbc.properties]
[INFO] [2018-12-08 17:54:48][org.springframework.beans.factory.support.DefaultListableBeanFactory]Pre-instantiating singletons in org.springframework.beans.factory.support.DefaultListableBeanFactory@3b3e0aba: defining beans [org.springframework.context.annotation.internalConfigurationAnnotationProcessor,org.springframework.context.annotation.internalAutowiredAnnotationProcessor,org.springframework.context.annotation.internalRequiredAnnotationProcessor,org.springframework.context.annotation.internalCommonAnnotationProcessor,org.springframework.context.support.PropertySourcesPlaceholderConfigurer#0,dataSource,sqlSessionFactory,userMapper,org.springframework.context.annotation.ConfigurationClassPostProcessor.importAwareProcessor]; root of factory hierarchy
[INFO] [2018-12-08 17:54:48][org.springframework.jdbc.datasource.DriverManagerDataSource]Loaded JDBC driver: com.mysql.jdbc.Driver
[INFO] [2018-12-08 17:54:55][org.springframework.context.support.ClassPathXmlApplicationContext]Refreshing org.springframework.context.support.ClassPathXmlApplicationContext@4ed1e89e: startup date [Sat Dec 08 17:54:55 CST 2018]; root of context hierarchy
[INFO] [2018-12-08 17:54:55][org.springframework.beans.factory.xml.XmlBeanDefinitionReader]Loading XML bean definitions from class path resource [spring.xml]
[INFO] [2018-12-08 17:54:56][org.springframework.context.support.PropertySourcesPlaceholderConfigurer]Loading properties file from class path resource [config/jdbc.properties]
[INFO] [2018-12-08 17:54:56][org.springframework.beans.factory.support.DefaultListableBeanFactory]Pre-instantiating singletons in org.springframework.beans.factory.support.DefaultListableBeanFactory@6ce53220: defining beans [org.springframework.context.annotation.internalConfigurationAnnotationProcessor,org.springframework.context.annotation.internalAutowiredAnnotationProcessor,org.springframework.context.annotation.internalRequiredAnnotationProcessor,org.springframework.context.annotation.internalCommonAnnotationProcessor,org.springframework.context.support.PropertySourcesPlaceholderConfigurer#0,dataSource,sqlSessionFactory,userMapper,org.springframework.context.annotation.ConfigurationClassPostProcessor.importAwareProcessor]; root of factory hierarchy
[INFO] [2018-12-08 17:54:56][org.springframework.jdbc.datasource.DriverManagerDataSource]Loaded JDBC driver: com.mysql.jdbc.Driver
[INFO] [2018-12-08 17:55:31][org.springframework.context.support.ClassPathXmlApplicationContext]Refreshing org.springframework.context.support.ClassPathXmlApplicationContext@36b8bef7: startup date [Sat Dec 08 17:55:31 CST 2018]; root of context hierarchy
[INFO] [2018-12-08 17:55:31][org.springframework.beans.factory.xml.XmlBeanDefinitionReader]Loading XML bean definitions from class path resource [spring.xml]
[INFO] [2018-12-08 17:55:31][org.springframework.context.support.PropertySourcesPlaceholderConfigurer]Loading properties file from class path resource [config/jdbc.properties]
[INFO] [2018-12-08 17:55:31][org.springframework.beans.factory.support.DefaultListableBeanFactory]Pre-instantiating singletons in org.springframework.beans.factory.support.DefaultListableBeanFactory@3b3e0aba: defining beans [org.springframework.context.annotation.internalConfigurationAnnotationProcessor,org.springframework.context.annotation.internalAutowiredAnnotationProcessor,org.springframework.context.annotation.internalRequiredAnnotationProcessor,org.springframework.context.annotation.internalCommonAnnotationProcessor,org.springframework.context.support.PropertySourcesPlaceholderConfigurer#0,dataSource,sqlSessionFactory,userMapper,org.springframework.context.annotation.ConfigurationClassPostProcessor.importAwareProcessor]; root of factory hierarchy
[INFO] [2018-12-08 17:55:31][org.springframework.jdbc.datasource.DriverManagerDataSource]Loaded JDBC driver: com.mysql.jdbc.Driver
[INFO] [2018-12-08 17:58:14][org.springframework.context.support.ClassPathXmlApplicationContext]Refreshing org.springframework.context.support.ClassPathXmlApplicationContext@509df6f1: startup date [Sat Dec 08 17:58:14 CST 2018]; root of context hierarchy
[INFO] [2018-12-08 17:58:15][org.springframework.beans.factory.xml.XmlBeanDefinitionReader]Loading XML bean definitions from class path resource [spring.xml]
[INFO] [2018-12-08 17:58:15][org.springframework.context.support.PropertySourcesPlaceholderConfigurer]Loading properties file from class path resource [config/jdbc.properties]
[INFO] [2018-12-08 17:58:15][org.springframework.beans.factory.support.DefaultListableBeanFactory]Pre-instantiating singletons in org.springframework.beans.factory.support.DefaultListableBeanFactory@3b3e0aba: defining beans [org.springframework.context.annotation.internalConfigurationAnnotationProcessor,org.springframework.context.annotation.internalAutowiredAnnotationProcessor,org.springframework.context.annotation.internalRequiredAnnotationProcessor,org.springframework.context.annotation.internalCommonAnnotationProcessor,org.springframework.context.support.PropertySourcesPlaceholderConfigurer#0,dataSource,sqlSessionFactory,userMapper,org.springframework.context.annotation.ConfigurationClassPostProcessor.importAwareProcessor]; root of factory hierarchy
[INFO] [2018-12-08 17:58:15][org.springframework.jdbc.datasource.DriverManagerDataSource]Loaded JDBC driver: com.mysql.jdbc.Driver
[INFO] [2018-12-08 18:37:35][org.springframework.context.support.ClassPathXmlApplicationContext]Refreshing org.springframework.context.support.ClassPathXmlApplicationContext@36ff057f: startup date [Sat Dec 08 18:37:35 CST 2018]; root of context hierarchy
[INFO] [2018-12-08 18:37:36][org.springframework.beans.factory.xml.XmlBeanDefinitionReader]Loading XML bean definitions from class path resource [spring.xml]
[INFO] [2018-12-08 18:37:36][org.springframework.context.support.PropertySourcesPlaceholderConfigurer]Loading properties file from class path resource [config/jdbc.properties]
[INFO] [2018-12-08 18:37:36][org.springframework.beans.factory.support.DefaultListableBeanFactory]Pre-instantiating singletons in org.springframework.beans.factory.support.DefaultListableBeanFactory@714ae2c1: defining beans [org.springframework.context.support.PropertySourcesPlaceholderConfigurer#0,dataSource,sqlSessionFactory,userMapper]; root of factory hierarchy
[INFO] [2018-12-08 19:33:01][org.springframework.context.support.ClassPathXmlApplicationContext]Refreshing org.springframework.context.support.ClassPathXmlApplicationContext@78dc6a77: startup date [Sat Dec 08 19:33:01 CST 2018]; root of context hierarchy
[INFO] [2018-12-08 19:33:01][org.springframework.beans.factory.xml.XmlBeanDefinitionReader]Loading XML bean definitions from class path resource [spring-mapper.xml]
[INFO] [2018-12-08 19:33:18][org.springframework.context.support.ClassPathXmlApplicationContext]Refreshing org.springframework.context.support.ClassPathXmlApplicationContext@36ff057f: startup date [Sat Dec 08 19:33:18 CST 2018]; root of context hierarchy
[INFO] [2018-12-08 19:33:18][org.springframework.beans.factory.xml.XmlBeanDefinitionReader]Loading XML bean definitions from class path resource [spring-mapper.xml]
[INFO] [2018-12-08 19:38:21][org.springframework.context.support.ClassPathXmlApplicationContext]Refreshing org.springframework.context.support.ClassPathXmlApplicationContext@36ff057f: startup date [Sat Dec 08 19:38:21 CST 2018]; root of context hierarchy
[INFO] [2018-12-08 19:38:21][org.springframework.beans.factory.xml.XmlBeanDefinitionReader]Loading XML bean definitions from class path resource [spring-mapper.xml]
